[2025-03-21 01:47:16] local.INFO: AccountController: edit method reached.  
[2025-03-21 01:47:18] local.INFO: AccountController: edit method reached.  
[2025-03-21 15:11:51] local.INFO: AccountController: edit method reached.  
[2025-03-21 15:12:01] local.INFO: AccountController: edit method reached.  
[2025-03-21 15:14:34] local.INFO: AccountController: edit method reached.  
[2025-03-21 15:16:32] local.INFO: AccountController: edit method reached.  
[2025-03-21 15:16:38] local.INFO: AccountController: edit method reached.  
[2025-03-21 15:23:25] local.INFO: AccountController: edit method reached.  
[2025-03-21 15:23:28] local.INFO: AccountController: edit method reached.  
[2025-03-21 15:25:25] local.INFO: AccountController: edit method reached.  
[2025-03-21 15:25:28] local.INFO: AccountController: edit method reached.  
[2025-03-21 15:26:43] local.INFO: AccountController: edit method reached.  
[2025-03-21 15:26:46] local.INFO: AccountController: edit method reached.  
[2025-03-21 15:56:03] local.INFO: AccountController: edit method reached.  
[2025-03-21 17:34:35] local.INFO: sendResetLinkForLoggedInUser: Function started.  
[2025-03-21 17:43:52] local.INFO: AccountController: edit method reached.  
[2025-03-21 17:44:35] local.INFO: AccountController: edit method reached.  
[2025-03-21 17:44:38] local.INFO: AccountController: edit method reached.  
[2025-03-21 17:45:25] local.INFO: AccountController: edit method reached.  
[2025-03-21 17:45:29] local.INFO: AccountController: edit method reached.  
[2025-03-21 17:51:12] local.INFO: AccountController: edit method reached.  
[2025-03-21 17:51:19] local.INFO: AccountController: edit method reached.  
[2025-03-21 17:51:28] local.INFO: AccountController: edit method reached.  
[2025-03-21 17:51:56] local.INFO: AccountController: edit method reached.  
[2025-03-21 17:52:05] local.INFO: AccountController: edit method reached.  
[2025-03-21 17:59:39] local.INFO: AccountController: edit method reached.  
[2025-03-21 18:00:08] local.INFO: AccountController: edit method reached.  
[2025-03-21 18:02:23] local.INFO: AccountController: edit method reached.  
[2025-03-21 18:02:26] local.INFO: sendResetLinkForLoggedInUser: Function started.  
[2025-03-21 18:02:26] local.INFO: Request data: {"_token":"Cu79tuRPPV6B9j09VqJeRlY0TBpVC7tSaPE54Kuy","email":"wdadawdws@WADsdawd"} 
[2025-03-21 18:02:26] local.INFO: sendResetLinkForLoggedInUser: Using email: wdadawdws@WADsdawd  
[2025-03-21 18:02:26] local.INFO: sendResetLinkForLoggedInUser: Generated token: GEVauneW7enEBuocF7h2PpGuA8cYPn6qSGY4i12k4jFwpw6C0CWd91fF08sg  
[2025-03-21 18:02:26] local.INFO: sendResetLinkForLoggedInUser: Token stored in database for email: wdadawdws@WADsdawd  
[2025-03-21 18:02:29] local.INFO: sendResetLinkForLoggedInUser: Reset password email sent to: wdadawdws@WADsdawd  
[2025-03-21 18:02:29] local.INFO: AccountController: edit method reached.  
[2025-03-21 18:02:57] local.INFO: AccountController: edit method reached.  
[2025-03-21 18:03:09] local.INFO: AccountController: edit method reached.  
[2025-03-21 18:03:18] local.INFO: AccountController: edit method reached.  
[2025-03-21 18:03:38] local.INFO: AccountController: edit method reached.  
[2025-03-21 18:05:25] local.INFO: AccountController: edit method reached.  
[2025-03-21 22:53:11] local.INFO: AccountController: edit method reached.  
[2025-03-21 22:53:18] local.INFO: AccountController: edit method reached.  
[2025-03-21 22:53:30] local.INFO: AccountController: edit method reached.  
[2025-03-21 22:53:37] local.INFO: AccountController: edit method reached.  
[2025-03-21 23:13:48] local.ERROR: Attempt to read property "email" on null (View: D:\Users\Ahmed Abdulkadir\Documents\GitHub\Gilded-Canvas-modified\Gilded-Canvas\TheGuildedCanvas\resources\views\account.blade.php) {"exception":"[object] (Illuminate\\View\\ViewException(code: 0): Attempt to read property \"email\" on null (View: D:\\Users\\Ahmed Abdulkadir\\Documents\\GitHub\\Gilded-Canvas-modified\\Gilded-Canvas\\TheGuildedCanvas\\resources\\views\\account.blade.php) at D:\\Users\\Ahmed Abdulkadir\\Documents\\GitHub\\Gilded-Canvas-modified\\Gilded-Canvas\\TheGuildedCanvas\\storage\\framework\\views\\d6f09c5bc8b3cac0119fef4cd957c646.php:21)
[stacktrace]
#0 D:\\Users\\Ahmed Abdulkadir\\Documents\\GitHub\\Gilded-Canvas-modified\\Gilded-Canvas\\TheGuildedCanvas\\vendor\\laravel\\framework\\src\\Illuminate\\View\\Engines\\PhpEngine.php(60): Illuminate\\View\\Engines\\CompilerEngine->handleViewException(Object(ErrorException), 1)
#1 D:\\Users\\Ahmed Abdulkadir\\Documents\\GitHub\\Gilded-Canvas-modified\\Gilded-Canvas\\TheGuildedCanvas\\vendor\\laravel\\framework\\src\\Illuminate\\View\\Engines\\CompilerEngine.php(75): Illuminate\\View\\Engines\\PhpEngine->evaluatePath('D:\\\\Users\\\\Ahmed ...', Array)
#2 D:\\Users\\Ahmed Abdulkadir\\Documents\\GitHub\\Gilded-Canvas-modified\\Gilded-Canvas\\TheGuildedCanvas\\vendor\\laravel\\framework\\src\\Illuminate\\View\\View.php(209): Illuminate\\View\\Engines\\CompilerEngine->get('D:\\\\Users\\\\Ahmed ...', Array)
#3 D:\\Users\\Ahmed Abdulkadir\\Documents\\GitHub\\Gilded-Canvas-modified\\Gilded-Canvas\\TheGuildedCanvas\\vendor\\laravel\\framework\\src\\Illuminate\\View\\View.php(192): Illuminate\\View\\View->getContents()
#4 D:\\Users\\Ahmed Abdulkadir\\Documents\\GitHub\\Gilded-Canvas-modified\\Gilded-Canvas\\TheGuildedCanvas\\vendor\\laravel\\framework\\src\\Illuminate\\View\\View.php(161): Illuminate\\View\\View->renderContents()
#5 D:\\Users\\Ahmed Abdulkadir\\Documents\\GitHub\\Gilded-Canvas-modified\\Gilded-Canvas\\TheGuildedCanvas\\vendor\\laravel\\framework\\src\\Illuminate\\Http\\Response.php(79): Illuminate\\View\\View->render()
#6 D:\\Users\\Ahmed Abdulkadir\\Documents\\GitHub\\Gilded-Canvas-modified\\Gilded-Canvas\\TheGuildedCanvas\\vendor\\laravel\\framework\\src\\Illuminate\\Http\\Response.php(35): Illuminate\\Http\\Response->setContent(Object(Illuminate\\View\\View))
#7 D:\\Users\\Ahmed Abdulkadir\\Documents\\GitHub\\Gilded-Canvas-modified\\Gilded-Canvas\\TheGuildedCanvas\\vendor\\laravel\\framework\\src\\Illuminate\\Routing\\Router.php(920): Illuminate\\Http\\Response->__construct(Object(Illuminate\\View\\View), 200, Array)
#8 D:\\Users\\Ahmed Abdulkadir\\Documents\\GitHub\\Gilded-Canvas-modified\\Gilded-Canvas\\TheGuildedCanvas\\vendor\\laravel\\framework\\src\\Illuminate\\Routing\\Router.php(887): Illuminate\\Routing\\Router::toResponse(Object(Illuminate\\Http\\Request), Object(Illuminate\\View\\View))
#9 D:\\Users\\Ahmed Abdulkadir\\Documents\\GitHub\\Gilded-Canvas-modified\\Gilded-Canvas\\TheGuildedCanvas\\vendor\\laravel\\framework\\src\\Illuminate\\Routing\\Router.php(807): Illuminate\\Routing\\Router->prepareResponse(Object(Illuminate\\Http\\Request), Object(Illuminate\\View\\View))
#10 D:\\Users\\Ahmed Abdulkadir\\Documents\\GitHub\\Gilded-Canvas-modified\\Gilded-Canvas\\TheGuildedCanvas\\vendor\\laravel\\framework\\src\\Illuminate\\Pipeline\\Pipeline.php(170): Illuminate\\Routing\\Router->Illuminate\\Routing\\{closure}(Object(Illuminate\\Http\\Request))
#11 D:\\Users\\Ahmed Abdulkadir\\Documents\\GitHub\\Gilded-Canvas-modified\\Gilded-Canvas\\TheGuildedCanvas\\vendor\\laravel\\framework\\src\\Illuminate\\Routing\\Middleware\\SubstituteBindings.php(51): Illuminate\\Pipeline\\Pipeline->Illuminate\\Pipeline\\{closure}(Object(Illuminate\\Http\\Request))
#12 D:\\Users\\Ahmed Abdulkadir\\Documents\\GitHub\\Gilded-Canvas-modified\\Gilded-Canvas\\TheGuildedCanvas\\vendor\\laravel\\framework\\src\\Illuminate\\Pipeline\\Pipeline.php(209): Illuminate\\Routing\\Middleware\\SubstituteBindings->handle(Object(Illuminate\\Http\\Request), Object(Closure))
#13 D:\\Users\\Ahmed Abdulkadir\\Documents\\GitHub\\Gilded-Canvas-modified\\Gilded-Canvas\\TheGuildedCanvas\\vendor\\laravel\\framework\\src\\Illuminate\\Foundation\\Http\\Middleware\\VerifyCsrfToken.php(88): Illuminate\\Pipeline\\Pipeline->Illuminate\\Pipeline\\{closure}(Object(Illuminate\\Http\\Request))
#14 D:\\Users\\Ahmed Abdulkadir\\Documents\\GitHub\\Gilded-Canvas-modified\\Gilded-Canvas\\TheGuildedCanvas\\vendor\\laravel\\framework\\src\\Illuminate\\Pipeline\\Pipeline.php(209): Illuminate\\Foundation\\Http\\Middleware\\VerifyCsrfToken->handle(Object(Illuminate\\Http\\Request), Object(Closure))
#15 D:\\Users\\Ahmed Abdulkadir\\Documents\\GitHub\\Gilded-Canvas-modified\\Gilded-Canvas\\TheGuildedCanvas\\vendor\\laravel\\framework\\src\\Illuminate\\View\\Middleware\\ShareErrorsFromSession.php(49): Illuminate\\Pipeline\\Pipeline->Illuminate\\Pipeline\\{closure}(Object(Illuminate\\Http\\Request))
#16 D:\\Users\\Ahmed Abdulkadir\\Documents\\GitHub\\Gilded-Canvas-modified\\Gilded-Canvas\\TheGuildedCanvas\\vendor\\laravel\\framework\\src\\Illuminate\\Pipeline\\Pipeline.php(209): Illuminate\\View\\Middleware\\ShareErrorsFromSession->handle(Object(Illuminate\\Http\\Request), Object(Closure))
#17 D:\\Users\\Ahmed Abdulkadir\\Documents\\GitHub\\Gilded-Canvas-modified\\Gilded-Canvas\\TheGuildedCanvas\\vendor\\laravel\\framework\\src\\Illuminate\\Session\\Middleware\\StartSession.php(121): Illuminate\\Pipeline\\Pipeline->Illuminate\\Pipeline\\{closure}(Object(Illuminate\\Http\\Request))
#18 D:\\Users\\Ahmed Abdulkadir\\Documents\\GitHub\\Gilded-Canvas-modified\\Gilded-Canvas\\TheGuildedCanvas\\vendor\\laravel\\framework\\src\\Illuminate\\Session\\Middleware\\StartSession.php(64): Illuminate\\Session\\Middleware\\StartSession->handleStatefulRequest(Object(Illuminate\\Http\\Request), Object(Illuminate\\Session\\Store), Object(Closure))
#19 D:\\Users\\Ahmed Abdulkadir\\Documents\\GitHub\\Gilded-Canvas-modified\\Gilded-Canvas\\TheGuildedCanvas\\vendor\\laravel\\framework\\src\\Illuminate\\Pipeline\\Pipeline.php(209): Illuminate\\Session\\Middleware\\StartSession->handle(Object(Illuminate\\Http\\Request), Object(Closure))
#20 D:\\Users\\Ahmed Abdulkadir\\Documents\\GitHub\\Gilded-Canvas-modified\\Gilded-Canvas\\TheGuildedCanvas\\vendor\\laravel\\framework\\src\\Illuminate\\Cookie\\Middleware\\AddQueuedCookiesToResponse.php(37): Illuminate\\Pipeline\\Pipeline->Illuminate\\Pipeline\\{closure}(Object(Illuminate\\Http\\Request))
#21 D:\\Users\\Ahmed Abdulkadir\\Documents\\GitHub\\Gilded-Canvas-modified\\Gilded-Canvas\\TheGuildedCanvas\\vendor\\laravel\\framework\\src\\Illuminate\\Pipeline\\Pipeline.php(209): Illuminate\\Cookie\\Middleware\\AddQueuedCookiesToResponse->handle(Object(Illuminate\\Http\\Request), Object(Closure))
#22 D:\\Users\\Ahmed Abdulkadir\\Documents\\GitHub\\Gilded-Canvas-modified\\Gilded-Canvas\\TheGuildedCanvas\\vendor\\laravel\\framework\\src\\Illuminate\\Cookie\\Middleware\\EncryptCookies.php(75): Illuminate\\Pipeline\\Pipeline->Illuminate\\Pipeline\\{closure}(Object(Illuminate\\Http\\Request))
#23 D:\\Users\\Ahmed Abdulkadir\\Documents\\GitHub\\Gilded-Canvas-modified\\Gilded-Canvas\\TheGuildedCanvas\\vendor\\laravel\\framework\\src\\Illuminate\\Pipeline\\Pipeline.php(209): Illuminate\\Cookie\\Middleware\\EncryptCookies->handle(Object(Illuminate\\Http\\Request), Object(Closure))
#24 D:\\Users\\Ahmed Abdulkadir\\Documents\\GitHub\\Gilded-Canvas-modified\\Gilded-Canvas\\TheGuildedCanvas\\vendor\\laravel\\framework\\src\\Illuminate\\Pipeline\\Pipeline.php(127): Illuminate\\Pipeline\\Pipeline->Illuminate\\Pipeline\\{closure}(Object(Illuminate\\Http\\Request))
#25 D:\\Users\\Ahmed Abdulkadir\\Documents\\GitHub\\Gilded-Canvas-modified\\Gilded-Canvas\\TheGuildedCanvas\\vendor\\laravel\\framework\\src\\Illuminate\\Routing\\Router.php(807): Illuminate\\Pipeline\\Pipeline->then(Object(Closure))
#26 D:\\Users\\Ahmed Abdulkadir\\Documents\\GitHub\\Gilded-Canvas-modified\\Gilded-Canvas\\TheGuildedCanvas\\vendor\\laravel\\framework\\src\\Illuminate\\Routing\\Router.php(786): Illuminate\\Routing\\Router->runRouteWithinStack(Object(Illuminate\\Routing\\Route), Object(Illuminate\\Http\\Request))
#27 D:\\Users\\Ahmed Abdulkadir\\Documents\\GitHub\\Gilded-Canvas-modified\\Gilded-Canvas\\TheGuildedCanvas\\vendor\\laravel\\framework\\src\\Illuminate\\Routing\\Router.php(750): Illuminate\\Routing\\Router->runRoute(Object(Illuminate\\Http\\Request), Object(Illuminate\\Routing\\Route))
#28 D:\\Users\\Ahmed Abdulkadir\\Documents\\GitHub\\Gilded-Canvas-modified\\Gilded-Canvas\\TheGuildedCanvas\\vendor\\laravel\\framework\\src\\Illuminate\\Routing\\Router.php(739): Illuminate\\Routing\\Router->dispatchToRoute(Object(Illuminate\\Http\\Request))
#29 D:\\Users\\Ahmed Abdulkadir\\Documents\\GitHub\\Gilded-Canvas-modified\\Gilded-Canvas\\TheGuildedCanvas\\vendor\\laravel\\framework\\src\\Illuminate\\Foundation\\Http\\Kernel.php(201): Illuminate\\Routing\\Router->dispatch(Object(Illuminate\\Http\\Request))
#30 D:\\Users\\Ahmed Abdulkadir\\Documents\\GitHub\\Gilded-Canvas-modified\\Gilded-Canvas\\TheGuildedCanvas\\vendor\\laravel\\framework\\src\\Illuminate\\Pipeline\\Pipeline.php(170): Illuminate\\Foundation\\Http\\Kernel->Illuminate\\Foundation\\Http\\{closure}(Object(Illuminate\\Http\\Request))
#31 D:\\Users\\Ahmed Abdulkadir\\Documents\\GitHub\\Gilded-Canvas-modified\\Gilded-Canvas\\TheGuildedCanvas\\vendor\\laravel\\framework\\src\\Illuminate\\Foundation\\Http\\Middleware\\TransformsRequest.php(21): Illuminate\\Pipeline\\Pipeline->Illuminate\\Pipeline\\{closure}(Object(Illuminate\\Http\\Request))
#32 D:\\Users\\Ahmed Abdulkadir\\Documents\\GitHub\\Gilded-Canvas-modified\\Gilded-Canvas\\TheGuildedCanvas\\vendor\\laravel\\framework\\src\\Illuminate\\Foundation\\Http\\Middleware\\ConvertEmptyStringsToNull.php(31): Illuminate\\Foundation\\Http\\Middleware\\TransformsRequest->handle(Object(Illuminate\\Http\\Request), Object(Closure))
#33 D:\\Users\\Ahmed Abdulkadir\\Documents\\GitHub\\Gilded-Canvas-modified\\Gilded-Canvas\\TheGuildedCanvas\\vendor\\laravel\\framework\\src\\Illuminate\\Pipeline\\Pipeline.php(209): Illuminate\\Foundation\\Http\\Middleware\\ConvertEmptyStringsToNull->handle(Object(Illuminate\\Http\\Request), Object(Closure))
#34 D:\\Users\\Ahmed Abdulkadir\\Documents\\GitHub\\Gilded-Canvas-modified\\Gilded-Canvas\\TheGuildedCanvas\\vendor\\laravel\\framework\\src\\Illuminate\\Foundation\\Http\\Middleware\\TransformsRequest.php(21): Illuminate\\Pipeline\\Pipeline->Illuminate\\Pipeline\\{closure}(Object(Illuminate\\Http\\Request))
#35 D:\\Users\\Ahmed Abdulkadir\\Documents\\GitHub\\Gilded-Canvas-modified\\Gilded-Canvas\\TheGuildedCanvas\\vendor\\laravel\\framework\\src\\Illuminate\\Foundation\\Http\\Middleware\\TrimStrings.php(51): Illuminate\\Foundation\\Http\\Middleware\\TransformsRequest->handle(Object(Illuminate\\Http\\Request), Object(Closure))
#36 D:\\Users\\Ahmed Abdulkadir\\Documents\\GitHub\\Gilded-Canvas-modified\\Gilded-Canvas\\TheGuildedCanvas\\vendor\\laravel\\framework\\src\\Illuminate\\Pipeline\\Pipeline.php(209): Illuminate\\Foundation\\Http\\Middleware\\TrimStrings->handle(Object(Illuminate\\Http\\Request), Object(Closure))
#37 D:\\Users\\Ahmed Abdulkadir\\Documents\\GitHub\\Gilded-Canvas-modified\\Gilded-Canvas\\TheGuildedCanvas\\vendor\\laravel\\framework\\src\\Illuminate\\Http\\Middleware\\ValidatePostSize.php(27): Illuminate\\Pipeline\\Pipeline->Illuminate\\Pipeline\\{closure}(Object(Illuminate\\Http\\Request))
#38 D:\\Users\\Ahmed Abdulkadir\\Documents\\GitHub\\Gilded-Canvas-modified\\Gilded-Canvas\\TheGuildedCanvas\\vendor\\laravel\\framework\\src\\Illuminate\\Pipeline\\Pipeline.php(209): Illuminate\\Http\\Middleware\\ValidatePostSize->handle(Object(Illuminate\\Http\\Request), Object(Closure))
#39 D:\\Users\\Ahmed Abdulkadir\\Documents\\GitHub\\Gilded-Canvas-modified\\Gilded-Canvas\\TheGuildedCanvas\\vendor\\laravel\\framework\\src\\Illuminate\\Foundation\\Http\\Middleware\\PreventRequestsDuringMaintenance.php(110): Illuminate\\Pipeline\\Pipeline->Illuminate\\Pipeline\\{closure}(Object(Illuminate\\Http\\Request))
#40 D:\\Users\\Ahmed Abdulkadir\\Documents\\GitHub\\Gilded-Canvas-modified\\Gilded-Canvas\\TheGuildedCanvas\\vendor\\laravel\\framework\\src\\Illuminate\\Pipeline\\Pipeline.php(209): Illuminate\\Foundation\\Http\\Middleware\\PreventRequestsDuringMaintenance->handle(Object(Illuminate\\Http\\Request), Object(Closure))
#41 D:\\Users\\Ahmed Abdulkadir\\Documents\\GitHub\\Gilded-Canvas-modified\\Gilded-Canvas\\TheGuildedCanvas\\vendor\\laravel\\framework\\src\\Illuminate\\Http\\Middleware\\HandleCors.php(49): Illuminate\\Pipeline\\Pipeline->Illuminate\\Pipeline\\{closure}(Object(Illuminate\\Http\\Request))
#42 D:\\Users\\Ahmed Abdulkadir\\Documents\\GitHub\\Gilded-Canvas-modified\\Gilded-Canvas\\TheGuildedCanvas\\vendor\\laravel\\framework\\src\\Illuminate\\Pipeline\\Pipeline.php(209): Illuminate\\Http\\Middleware\\HandleCors->handle(Object(Illuminate\\Http\\Request), Object(Closure))
#43 D:\\Users\\Ahmed Abdulkadir\\Documents\\GitHub\\Gilded-Canvas-modified\\Gilded-Canvas\\TheGuildedCanvas\\vendor\\laravel\\framework\\src\\Illuminate\\Http\\Middleware\\TrustProxies.php(58): Illuminate\\Pipeline\\Pipeline->Illuminate\\Pipeline\\{closure}(Object(Illuminate\\Http\\Request))
#44 D:\\Users\\Ahmed Abdulkadir\\Documents\\GitHub\\Gilded-Canvas-modified\\Gilded-Canvas\\TheGuildedCanvas\\vendor\\laravel\\framework\\src\\Illuminate\\Pipeline\\Pipeline.php(209): Illuminate\\Http\\Middleware\\TrustProxies->handle(Object(Illuminate\\Http\\Request), Object(Closure))
#45 D:\\Users\\Ahmed Abdulkadir\\Documents\\GitHub\\Gilded-Canvas-modified\\Gilded-Canvas\\TheGuildedCanvas\\vendor\\laravel\\framework\\src\\Illuminate\\Foundation\\Http\\Middleware\\InvokeDeferredCallbacks.php(22): Illuminate\\Pipeline\\Pipeline->Illuminate\\Pipeline\\{closure}(Object(Illuminate\\Http\\Request))
#46 D:\\Users\\Ahmed Abdulkadir\\Documents\\GitHub\\Gilded-Canvas-modified\\Gilded-Canvas\\TheGuildedCanvas\\vendor\\laravel\\framework\\src\\Illuminate\\Pipeline\\Pipeline.php(209): Illuminate\\Foundation\\Http\\Middleware\\InvokeDeferredCallbacks->handle(Object(Illuminate\\Http\\Request), Object(Closure))
#47 D:\\Users\\Ahmed Abdulkadir\\Documents\\GitHub\\Gilded-Canvas-modified\\Gilded-Canvas\\TheGuildedCanvas\\vendor\\laravel\\framework\\src\\Illuminate\\Pipeline\\Pipeline.php(127): Illuminate\\Pipeline\\Pipeline->Illuminate\\Pipeline\\{closure}(Object(Illuminate\\Http\\Request))
#48 D:\\Users\\Ahmed Abdulkadir\\Documents\\GitHub\\Gilded-Canvas-modified\\Gilded-Canvas\\TheGuildedCanvas\\vendor\\laravel\\framework\\src\\Illuminate\\Foundation\\Http\\Kernel.php(176): Illuminate\\Pipeline\\Pipeline->then(Object(Closure))
#49 D:\\Users\\Ahmed Abdulkadir\\Documents\\GitHub\\Gilded-Canvas-modified\\Gilded-Canvas\\TheGuildedCanvas\\vendor\\laravel\\framework\\src\\Illuminate\\Foundation\\Http\\Kernel.php(145): Illuminate\\Foundation\\Http\\Kernel->sendRequestThroughRouter(Object(Illuminate\\Http\\Request))
#50 D:\\Users\\Ahmed Abdulkadir\\Documents\\GitHub\\Gilded-Canvas-modified\\Gilded-Canvas\\TheGuildedCanvas\\vendor\\laravel\\framework\\src\\Illuminate\\Foundation\\Application.php(1220): Illuminate\\Foundation\\Http\\Kernel->handle(Object(Illuminate\\Http\\Request))
#51 D:\\Users\\Ahmed Abdulkadir\\Documents\\GitHub\\Gilded-Canvas-modified\\Gilded-Canvas\\TheGuildedCanvas\\public\\index.php(22): Illuminate\\Foundation\\Application->handleRequest(Object(Illuminate\\Http\\Request))
#52 D:\\Users\\Ahmed Abdulkadir\\Documents\\GitHub\\Gilded-Canvas-modified\\Gilded-Canvas\\TheGuildedCanvas\\vendor\\laravel\\framework\\src\\Illuminate\\Foundation\\resources\\server.php(23): require_once('D:\\\\Users\\\\Ahmed ...')
#53 {main}

[previous exception] [object] (ErrorException(code: 0): Attempt to read property \"email\" on null at D:\\Users\\Ahmed Abdulkadir\\Documents\\GitHub\\Gilded-Canvas-modified\\Gilded-Canvas\\TheGuildedCanvas\\storage\\framework\\views\\d6f09c5bc8b3cac0119fef4cd957c646.php:21)
[stacktrace]
#0 D:\\Users\\Ahmed Abdulkadir\\Documents\\GitHub\\Gilded-Canvas-modified\\Gilded-Canvas\\TheGuildedCanvas\\vendor\\laravel\\framework\\src\\Illuminate\\Foundation\\Bootstrap\\HandleExceptions.php(256): Illuminate\\Foundation\\Bootstrap\\HandleExceptions->handleError(2, 'Attempt to read...', 'D:\\\\Users\\\\Ahmed ...', 21)
#1 D:\\Users\\Ahmed Abdulkadir\\Documents\\GitHub\\Gilded-Canvas-modified\\Gilded-Canvas\\TheGuildedCanvas\\storage\\framework\\views\\d6f09c5bc8b3cac0119fef4cd957c646.php(21): Illuminate\\Foundation\\Bootstrap\\HandleExceptions->Illuminate\\Foundation\\Bootstrap\\{closure}(2, 'Attempt to read...', 'D:\\\\Users\\\\Ahmed ...', 21)
#2 D:\\Users\\Ahmed Abdulkadir\\Documents\\GitHub\\Gilded-Canvas-modified\\Gilded-Canvas\\TheGuildedCanvas\\vendor\\laravel\\framework\\src\\Illuminate\\Filesystem\\Filesystem.php(123): require('D:\\\\Users\\\\Ahmed ...')
#3 D:\\Users\\Ahmed Abdulkadir\\Documents\\GitHub\\Gilded-Canvas-modified\\Gilded-Canvas\\TheGuildedCanvas\\vendor\\laravel\\framework\\src\\Illuminate\\Filesystem\\Filesystem.php(124): Illuminate\\Filesystem\\Filesystem::Illuminate\\Filesystem\\{closure}()
#4 D:\\Users\\Ahmed Abdulkadir\\Documents\\GitHub\\Gilded-Canvas-modified\\Gilded-Canvas\\TheGuildedCanvas\\vendor\\laravel\\framework\\src\\Illuminate\\View\\Engines\\PhpEngine.php(58): Illuminate\\Filesystem\\Filesystem->getRequire('D:\\\\Users\\\\Ahmed ...', Array)
#5 D:\\Users\\Ahmed Abdulkadir\\Documents\\GitHub\\Gilded-Canvas-modified\\Gilded-Canvas\\TheGuildedCanvas\\vendor\\laravel\\framework\\src\\Illuminate\\View\\Engines\\CompilerEngine.php(75): Illuminate\\View\\Engines\\PhpEngine->evaluatePath('D:\\\\Users\\\\Ahmed ...', Array)
#6 D:\\Users\\Ahmed Abdulkadir\\Documents\\GitHub\\Gilded-Canvas-modified\\Gilded-Canvas\\TheGuildedCanvas\\vendor\\laravel\\framework\\src\\Illuminate\\View\\View.php(209): Illuminate\\View\\Engines\\CompilerEngine->get('D:\\\\Users\\\\Ahmed ...', Array)
#7 D:\\Users\\Ahmed Abdulkadir\\Documents\\GitHub\\Gilded-Canvas-modified\\Gilded-Canvas\\TheGuildedCanvas\\vendor\\laravel\\framework\\src\\Illuminate\\View\\View.php(192): Illuminate\\View\\View->getContents()
#8 D:\\Users\\Ahmed Abdulkadir\\Documents\\GitHub\\Gilded-Canvas-modified\\Gilded-Canvas\\TheGuildedCanvas\\vendor\\laravel\\framework\\src\\Illuminate\\View\\View.php(161): Illuminate\\View\\View->renderContents()
#9 D:\\Users\\Ahmed Abdulkadir\\Documents\\GitHub\\Gilded-Canvas-modified\\Gilded-Canvas\\TheGuildedCanvas\\vendor\\laravel\\framework\\src\\Illuminate\\Http\\Response.php(79): Illuminate\\View\\View->render()
#10 D:\\Users\\Ahmed Abdulkadir\\Documents\\GitHub\\Gilded-Canvas-modified\\Gilded-Canvas\\TheGuildedCanvas\\vendor\\laravel\\framework\\src\\Illuminate\\Http\\Response.php(35): Illuminate\\Http\\Response->setContent(Object(Illuminate\\View\\View))
#11 D:\\Users\\Ahmed Abdulkadir\\Documents\\GitHub\\Gilded-Canvas-modified\\Gilded-Canvas\\TheGuildedCanvas\\vendor\\laravel\\framework\\src\\Illuminate\\Routing\\Router.php(920): Illuminate\\Http\\Response->__construct(Object(Illuminate\\View\\View), 200, Array)
#12 D:\\Users\\Ahmed Abdulkadir\\Documents\\GitHub\\Gilded-Canvas-modified\\Gilded-Canvas\\TheGuildedCanvas\\vendor\\laravel\\framework\\src\\Illuminate\\Routing\\Router.php(887): Illuminate\\Routing\\Router::toResponse(Object(Illuminate\\Http\\Request), Object(Illuminate\\View\\View))
#13 D:\\Users\\Ahmed Abdulkadir\\Documents\\GitHub\\Gilded-Canvas-modified\\Gilded-Canvas\\TheGuildedCanvas\\vendor\\laravel\\framework\\src\\Illuminate\\Routing\\Router.php(807): Illuminate\\Routing\\Router->prepareResponse(Object(Illuminate\\Http\\Request), Object(Illuminate\\View\\View))
#14 D:\\Users\\Ahmed Abdulkadir\\Documents\\GitHub\\Gilded-Canvas-modified\\Gilded-Canvas\\TheGuildedCanvas\\vendor\\laravel\\framework\\src\\Illuminate\\Pipeline\\Pipeline.php(170): Illuminate\\Routing\\Router->Illuminate\\Routing\\{closure}(Object(Illuminate\\Http\\Request))
#15 D:\\Users\\Ahmed Abdulkadir\\Documents\\GitHub\\Gilded-Canvas-modified\\Gilded-Canvas\\TheGuildedCanvas\\vendor\\laravel\\framework\\src\\Illuminate\\Routing\\Middleware\\SubstituteBindings.php(51): Illuminate\\Pipeline\\Pipeline->Illuminate\\Pipeline\\{closure}(Object(Illuminate\\Http\\Request))
#16 D:\\Users\\Ahmed Abdulkadir\\Documents\\GitHub\\Gilded-Canvas-modified\\Gilded-Canvas\\TheGuildedCanvas\\vendor\\laravel\\framework\\src\\Illuminate\\Pipeline\\Pipeline.php(209): Illuminate\\Routing\\Middleware\\SubstituteBindings->handle(Object(Illuminate\\Http\\Request), Object(Closure))
#17 D:\\Users\\Ahmed Abdulkadir\\Documents\\GitHub\\Gilded-Canvas-modified\\Gilded-Canvas\\TheGuildedCanvas\\vendor\\laravel\\framework\\src\\Illuminate\\Foundation\\Http\\Middleware\\VerifyCsrfToken.php(88): Illuminate\\Pipeline\\Pipeline->Illuminate\\Pipeline\\{closure}(Object(Illuminate\\Http\\Request))
#18 D:\\Users\\Ahmed Abdulkadir\\Documents\\GitHub\\Gilded-Canvas-modified\\Gilded-Canvas\\TheGuildedCanvas\\vendor\\laravel\\framework\\src\\Illuminate\\Pipeline\\Pipeline.php(209): Illuminate\\Foundation\\Http\\Middleware\\VerifyCsrfToken->handle(Object(Illuminate\\Http\\Request), Object(Closure))
#19 D:\\Users\\Ahmed Abdulkadir\\Documents\\GitHub\\Gilded-Canvas-modified\\Gilded-Canvas\\TheGuildedCanvas\\vendor\\laravel\\framework\\src\\Illuminate\\View\\Middleware\\ShareErrorsFromSession.php(49): Illuminate\\Pipeline\\Pipeline->Illuminate\\Pipeline\\{closure}(Object(Illuminate\\Http\\Request))
#20 D:\\Users\\Ahmed Abdulkadir\\Documents\\GitHub\\Gilded-Canvas-modified\\Gilded-Canvas\\TheGuildedCanvas\\vendor\\laravel\\framework\\src\\Illuminate\\Pipeline\\Pipeline.php(209): Illuminate\\View\\Middleware\\ShareErrorsFromSession->handle(Object(Illuminate\\Http\\Request), Object(Closure))
#21 D:\\Users\\Ahmed Abdulkadir\\Documents\\GitHub\\Gilded-Canvas-modified\\Gilded-Canvas\\TheGuildedCanvas\\vendor\\laravel\\framework\\src\\Illuminate\\Session\\Middleware\\StartSession.php(121): Illuminate\\Pipeline\\Pipeline->Illuminate\\Pipeline\\{closure}(Object(Illuminate\\Http\\Request))
#22 D:\\Users\\Ahmed Abdulkadir\\Documents\\GitHub\\Gilded-Canvas-modified\\Gilded-Canvas\\TheGuildedCanvas\\vendor\\laravel\\framework\\src\\Illuminate\\Session\\Middleware\\StartSession.php(64): Illuminate\\Session\\Middleware\\StartSession->handleStatefulRequest(Object(Illuminate\\Http\\Request), Object(Illuminate\\Session\\Store), Object(Closure))
#23 D:\\Users\\Ahmed Abdulkadir\\Documents\\GitHub\\Gilded-Canvas-modified\\Gilded-Canvas\\TheGuildedCanvas\\vendor\\laravel\\framework\\src\\Illuminate\\Pipeline\\Pipeline.php(209): Illuminate\\Session\\Middleware\\StartSession->handle(Object(Illuminate\\Http\\Request), Object(Closure))
#24 D:\\Users\\Ahmed Abdulkadir\\Documents\\GitHub\\Gilded-Canvas-modified\\Gilded-Canvas\\TheGuildedCanvas\\vendor\\laravel\\framework\\src\\Illuminate\\Cookie\\Middleware\\AddQueuedCookiesToResponse.php(37): Illuminate\\Pipeline\\Pipeline->Illuminate\\Pipeline\\{closure}(Object(Illuminate\\Http\\Request))
#25 D:\\Users\\Ahmed Abdulkadir\\Documents\\GitHub\\Gilded-Canvas-modified\\Gilded-Canvas\\TheGuildedCanvas\\vendor\\laravel\\framework\\src\\Illuminate\\Pipeline\\Pipeline.php(209): Illuminate\\Cookie\\Middleware\\AddQueuedCookiesToResponse->handle(Object(Illuminate\\Http\\Request), Object(Closure))
#26 D:\\Users\\Ahmed Abdulkadir\\Documents\\GitHub\\Gilded-Canvas-modified\\Gilded-Canvas\\TheGuildedCanvas\\vendor\\laravel\\framework\\src\\Illuminate\\Cookie\\Middleware\\EncryptCookies.php(75): Illuminate\\Pipeline\\Pipeline->Illuminate\\Pipeline\\{closure}(Object(Illuminate\\Http\\Request))
#27 D:\\Users\\Ahmed Abdulkadir\\Documents\\GitHub\\Gilded-Canvas-modified\\Gilded-Canvas\\TheGuildedCanvas\\vendor\\laravel\\framework\\src\\Illuminate\\Pipeline\\Pipeline.php(209): Illuminate\\Cookie\\Middleware\\EncryptCookies->handle(Object(Illuminate\\Http\\Request), Object(Closure))
#28 D:\\Users\\Ahmed Abdulkadir\\Documents\\GitHub\\Gilded-Canvas-modified\\Gilded-Canvas\\TheGuildedCanvas\\vendor\\laravel\\framework\\src\\Illuminate\\Pipeline\\Pipeline.php(127): Illuminate\\Pipeline\\Pipeline->Illuminate\\Pipeline\\{closure}(Object(Illuminate\\Http\\Request))
#29 D:\\Users\\Ahmed Abdulkadir\\Documents\\GitHub\\Gilded-Canvas-modified\\Gilded-Canvas\\TheGuildedCanvas\\vendor\\laravel\\framework\\src\\Illuminate\\Routing\\Router.php(807): Illuminate\\Pipeline\\Pipeline->then(Object(Closure))
#30 D:\\Users\\Ahmed Abdulkadir\\Documents\\GitHub\\Gilded-Canvas-modified\\Gilded-Canvas\\TheGuildedCanvas\\vendor\\laravel\\framework\\src\\Illuminate\\Routing\\Router.php(786): Illuminate\\Routing\\Router->runRouteWithinStack(Object(Illuminate\\Routing\\Route), Object(Illuminate\\Http\\Request))
#31 D:\\Users\\Ahmed Abdulkadir\\Documents\\GitHub\\Gilded-Canvas-modified\\Gilded-Canvas\\TheGuildedCanvas\\vendor\\laravel\\framework\\src\\Illuminate\\Routing\\Router.php(750): Illuminate\\Routing\\Router->runRoute(Object(Illuminate\\Http\\Request), Object(Illuminate\\Routing\\Route))
#32 D:\\Users\\Ahmed Abdulkadir\\Documents\\GitHub\\Gilded-Canvas-modified\\Gilded-Canvas\\TheGuildedCanvas\\vendor\\laravel\\framework\\src\\Illuminate\\Routing\\Router.php(739): Illuminate\\Routing\\Router->dispatchToRoute(Object(Illuminate\\Http\\Request))
#33 D:\\Users\\Ahmed Abdulkadir\\Documents\\GitHub\\Gilded-Canvas-modified\\Gilded-Canvas\\TheGuildedCanvas\\vendor\\laravel\\framework\\src\\Illuminate\\Foundation\\Http\\Kernel.php(201): Illuminate\\Routing\\Router->dispatch(Object(Illuminate\\Http\\Request))
#34 D:\\Users\\Ahmed Abdulkadir\\Documents\\GitHub\\Gilded-Canvas-modified\\Gilded-Canvas\\TheGuildedCanvas\\vendor\\laravel\\framework\\src\\Illuminate\\Pipeline\\Pipeline.php(170): Illuminate\\Foundation\\Http\\Kernel->Illuminate\\Foundation\\Http\\{closure}(Object(Illuminate\\Http\\Request))
#35 D:\\Users\\Ahmed Abdulkadir\\Documents\\GitHub\\Gilded-Canvas-modified\\Gilded-Canvas\\TheGuildedCanvas\\vendor\\laravel\\framework\\src\\Illuminate\\Foundation\\Http\\Middleware\\TransformsRequest.php(21): Illuminate\\Pipeline\\Pipeline->Illuminate\\Pipeline\\{closure}(Object(Illuminate\\Http\\Request))
#36 D:\\Users\\Ahmed Abdulkadir\\Documents\\GitHub\\Gilded-Canvas-modified\\Gilded-Canvas\\TheGuildedCanvas\\vendor\\laravel\\framework\\src\\Illuminate\\Foundation\\Http\\Middleware\\ConvertEmptyStringsToNull.php(31): Illuminate\\Foundation\\Http\\Middleware\\TransformsRequest->handle(Object(Illuminate\\Http\\Request), Object(Closure))
#37 D:\\Users\\Ahmed Abdulkadir\\Documents\\GitHub\\Gilded-Canvas-modified\\Gilded-Canvas\\TheGuildedCanvas\\vendor\\laravel\\framework\\src\\Illuminate\\Pipeline\\Pipeline.php(209): Illuminate\\Foundation\\Http\\Middleware\\ConvertEmptyStringsToNull->handle(Object(Illuminate\\Http\\Request), Object(Closure))
#38 D:\\Users\\Ahmed Abdulkadir\\Documents\\GitHub\\Gilded-Canvas-modified\\Gilded-Canvas\\TheGuildedCanvas\\vendor\\laravel\\framework\\src\\Illuminate\\Foundation\\Http\\Middleware\\TransformsRequest.php(21): Illuminate\\Pipeline\\Pipeline->Illuminate\\Pipeline\\{closure}(Object(Illuminate\\Http\\Request))
#39 D:\\Users\\Ahmed Abdulkadir\\Documents\\GitHub\\Gilded-Canvas-modified\\Gilded-Canvas\\TheGuildedCanvas\\vendor\\laravel\\framework\\src\\Illuminate\\Foundation\\Http\\Middleware\\TrimStrings.php(51): Illuminate\\Foundation\\Http\\Middleware\\TransformsRequest->handle(Object(Illuminate\\Http\\Request), Object(Closure))
#40 D:\\Users\\Ahmed Abdulkadir\\Documents\\GitHub\\Gilded-Canvas-modified\\Gilded-Canvas\\TheGuildedCanvas\\vendor\\laravel\\framework\\src\\Illuminate\\Pipeline\\Pipeline.php(209): Illuminate\\Foundation\\Http\\Middleware\\TrimStrings->handle(Object(Illuminate\\Http\\Request), Object(Closure))
#41 D:\\Users\\Ahmed Abdulkadir\\Documents\\GitHub\\Gilded-Canvas-modified\\Gilded-Canvas\\TheGuildedCanvas\\vendor\\laravel\\framework\\src\\Illuminate\\Http\\Middleware\\ValidatePostSize.php(27): Illuminate\\Pipeline\\Pipeline->Illuminate\\Pipeline\\{closure}(Object(Illuminate\\Http\\Request))
#42 D:\\Users\\Ahmed Abdulkadir\\Documents\\GitHub\\Gilded-Canvas-modified\\Gilded-Canvas\\TheGuildedCanvas\\vendor\\laravel\\framework\\src\\Illuminate\\Pipeline\\Pipeline.php(209): Illuminate\\Http\\Middleware\\ValidatePostSize->handle(Object(Illuminate\\Http\\Request), Object(Closure))
#43 D:\\Users\\Ahmed Abdulkadir\\Documents\\GitHub\\Gilded-Canvas-modified\\Gilded-Canvas\\TheGuildedCanvas\\vendor\\laravel\\framework\\src\\Illuminate\\Foundation\\Http\\Middleware\\PreventRequestsDuringMaintenance.php(110): Illuminate\\Pipeline\\Pipeline->Illuminate\\Pipeline\\{closure}(Object(Illuminate\\Http\\Request))
#44 D:\\Users\\Ahmed Abdulkadir\\Documents\\GitHub\\Gilded-Canvas-modified\\Gilded-Canvas\\TheGuildedCanvas\\vendor\\laravel\\framework\\src\\Illuminate\\Pipeline\\Pipeline.php(209): Illuminate\\Foundation\\Http\\Middleware\\PreventRequestsDuringMaintenance->handle(Object(Illuminate\\Http\\Request), Object(Closure))
#45 D:\\Users\\Ahmed Abdulkadir\\Documents\\GitHub\\Gilded-Canvas-modified\\Gilded-Canvas\\TheGuildedCanvas\\vendor\\laravel\\framework\\src\\Illuminate\\Http\\Middleware\\HandleCors.php(49): Illuminate\\Pipeline\\Pipeline->Illuminate\\Pipeline\\{closure}(Object(Illuminate\\Http\\Request))
#46 D:\\Users\\Ahmed Abdulkadir\\Documents\\GitHub\\Gilded-Canvas-modified\\Gilded-Canvas\\TheGuildedCanvas\\vendor\\laravel\\framework\\src\\Illuminate\\Pipeline\\Pipeline.php(209): Illuminate\\Http\\Middleware\\HandleCors->handle(Object(Illuminate\\Http\\Request), Object(Closure))
#47 D:\\Users\\Ahmed Abdulkadir\\Documents\\GitHub\\Gilded-Canvas-modified\\Gilded-Canvas\\TheGuildedCanvas\\vendor\\laravel\\framework\\src\\Illuminate\\Http\\Middleware\\TrustProxies.php(58): Illuminate\\Pipeline\\Pipeline->Illuminate\\Pipeline\\{closure}(Object(Illuminate\\Http\\Request))
#48 D:\\Users\\Ahmed Abdulkadir\\Documents\\GitHub\\Gilded-Canvas-modified\\Gilded-Canvas\\TheGuildedCanvas\\vendor\\laravel\\framework\\src\\Illuminate\\Pipeline\\Pipeline.php(209): Illuminate\\Http\\Middleware\\TrustProxies->handle(Object(Illuminate\\Http\\Request), Object(Closure))
#49 D:\\Users\\Ahmed Abdulkadir\\Documents\\GitHub\\Gilded-Canvas-modified\\Gilded-Canvas\\TheGuildedCanvas\\vendor\\laravel\\framework\\src\\Illuminate\\Foundation\\Http\\Middleware\\InvokeDeferredCallbacks.php(22): Illuminate\\Pipeline\\Pipeline->Illuminate\\Pipeline\\{closure}(Object(Illuminate\\Http\\Request))
#50 D:\\Users\\Ahmed Abdulkadir\\Documents\\GitHub\\Gilded-Canvas-modified\\Gilded-Canvas\\TheGuildedCanvas\\vendor\\laravel\\framework\\src\\Illuminate\\Pipeline\\Pipeline.php(209): Illuminate\\Foundation\\Http\\Middleware\\InvokeDeferredCallbacks->handle(Object(Illuminate\\Http\\Request), Object(Closure))
#51 D:\\Users\\Ahmed Abdulkadir\\Documents\\GitHub\\Gilded-Canvas-modified\\Gilded-Canvas\\TheGuildedCanvas\\vendor\\laravel\\framework\\src\\Illuminate\\Pipeline\\Pipeline.php(127): Illuminate\\Pipeline\\Pipeline->Illuminate\\Pipeline\\{closure}(Object(Illuminate\\Http\\Request))
#52 D:\\Users\\Ahmed Abdulkadir\\Documents\\GitHub\\Gilded-Canvas-modified\\Gilded-Canvas\\TheGuildedCanvas\\vendor\\laravel\\framework\\src\\Illuminate\\Foundation\\Http\\Kernel.php(176): Illuminate\\Pipeline\\Pipeline->then(Object(Closure))
#53 D:\\Users\\Ahmed Abdulkadir\\Documents\\GitHub\\Gilded-Canvas-modified\\Gilded-Canvas\\TheGuildedCanvas\\vendor\\laravel\\framework\\src\\Illuminate\\Foundation\\Http\\Kernel.php(145): Illuminate\\Foundation\\Http\\Kernel->sendRequestThroughRouter(Object(Illuminate\\Http\\Request))
#54 D:\\Users\\Ahmed Abdulkadir\\Documents\\GitHub\\Gilded-Canvas-modified\\Gilded-Canvas\\TheGuildedCanvas\\vendor\\laravel\\framework\\src\\Illuminate\\Foundation\\Application.php(1220): Illuminate\\Foundation\\Http\\Kernel->handle(Object(Illuminate\\Http\\Request))
#55 D:\\Users\\Ahmed Abdulkadir\\Documents\\GitHub\\Gilded-Canvas-modified\\Gilded-Canvas\\TheGuildedCanvas\\public\\index.php(22): Illuminate\\Foundation\\Application->handleRequest(Object(Illuminate\\Http\\Request))
#56 D:\\Users\\Ahmed Abdulkadir\\Documents\\GitHub\\Gilded-Canvas-modified\\Gilded-Canvas\\TheGuildedCanvas\\vendor\\laravel\\framework\\src\\Illuminate\\Foundation\\resources\\server.php(23): require_once('D:\\\\Users\\\\Ahmed ...')
#57 {main}
"} 
[2025-03-22 01:29:12] local.ERROR: Method Illuminate\Routing\Redirector::viewPath does not exist. {"userId":27,"exception":"[object] (BadMethodCallException(code: 0): Method Illuminate\\Routing\\Redirector::viewPath does not exist. at D:\\Users\\Ahmed Abdulkadir\\Documents\\GitHub\\Gilded-Canvas-modified\\Gilded-Canvas\\TheGuildedCanvas\\vendor\\laravel\\framework\\src\\Illuminate\\Macroable\\Traits\\Macroable.php:115)
[stacktrace]
#0 D:\\Users\\Ahmed Abdulkadir\\Documents\\GitHub\\Gilded-Canvas-modified\\Gilded-Canvas\\TheGuildedCanvas\\app\\Http\\Controllers\\AccountController.php(43): Illuminate\\Routing\\Redirector->__call('viewPath', Array)
#1 D:\\Users\\Ahmed Abdulkadir\\Documents\\GitHub\\Gilded-Canvas-modified\\Gilded-Canvas\\TheGuildedCanvas\\vendor\\laravel\\framework\\src\\Illuminate\\Routing\\Controller.php(54): App\\Http\\Controllers\\AccountController->update(Object(Illuminate\\Http\\Request))
#2 D:\\Users\\Ahmed Abdulkadir\\Documents\\GitHub\\Gilded-Canvas-modified\\Gilded-Canvas\\TheGuildedCanvas\\vendor\\laravel\\framework\\src\\Illuminate\\Routing\\ControllerDispatcher.php(44): Illuminate\\Routing\\Controller->callAction('update', Array)
#3 D:\\Users\\Ahmed Abdulkadir\\Documents\\GitHub\\Gilded-Canvas-modified\\Gilded-Canvas\\TheGuildedCanvas\\vendor\\laravel\\framework\\src\\Illuminate\\Routing\\Route.php(266): Illuminate\\Routing\\ControllerDispatcher->dispatch(Object(Illuminate\\Routing\\Route), Object(App\\Http\\Controllers\\AccountController), 'update')
#4 D:\\Users\\Ahmed Abdulkadir\\Documents\\GitHub\\Gilded-Canvas-modified\\Gilded-Canvas\\TheGuildedCanvas\\vendor\\laravel\\framework\\src\\Illuminate\\Routing\\Route.php(212): Illuminate\\Routing\\Route->runController()
#5 D:\\Users\\Ahmed Abdulkadir\\Documents\\GitHub\\Gilded-Canvas-modified\\Gilded-Canvas\\TheGuildedCanvas\\vendor\\laravel\\framework\\src\\Illuminate\\Routing\\Router.php(808): Illuminate\\Routing\\Route->run()
#6 D:\\Users\\Ahmed Abdulkadir\\Documents\\GitHub\\Gilded-Canvas-modified\\Gilded-Canvas\\TheGuildedCanvas\\vendor\\laravel\\framework\\src\\Illuminate\\Pipeline\\Pipeline.php(170): Illuminate\\Routing\\Router->Illuminate\\Routing\\{closure}(Object(Illuminate\\Http\\Request))
#7 D:\\Users\\Ahmed Abdulkadir\\Documents\\GitHub\\Gilded-Canvas-modified\\Gilded-Canvas\\TheGuildedCanvas\\vendor\\laravel\\framework\\src\\Illuminate\\Routing\\Middleware\\SubstituteBindings.php(51): Illuminate\\Pipeline\\Pipeline->Illuminate\\Pipeline\\{closure}(Object(Illuminate\\Http\\Request))
#8 D:\\Users\\Ahmed Abdulkadir\\Documents\\GitHub\\Gilded-Canvas-modified\\Gilded-Canvas\\TheGuildedCanvas\\vendor\\laravel\\framework\\src\\Illuminate\\Pipeline\\Pipeline.php(209): Illuminate\\Routing\\Middleware\\SubstituteBindings->handle(Object(Illuminate\\Http\\Request), Object(Closure))
#9 D:\\Users\\Ahmed Abdulkadir\\Documents\\GitHub\\Gilded-Canvas-modified\\Gilded-Canvas\\TheGuildedCanvas\\vendor\\laravel\\framework\\src\\Illuminate\\Foundation\\Http\\Middleware\\VerifyCsrfToken.php(88): Illuminate\\Pipeline\\Pipeline->Illuminate\\Pipeline\\{closure}(Object(Illuminate\\Http\\Request))
#10 D:\\Users\\Ahmed Abdulkadir\\Documents\\GitHub\\Gilded-Canvas-modified\\Gilded-Canvas\\TheGuildedCanvas\\vendor\\laravel\\framework\\src\\Illuminate\\Pipeline\\Pipeline.php(209): Illuminate\\Foundation\\Http\\Middleware\\VerifyCsrfToken->handle(Object(Illuminate\\Http\\Request), Object(Closure))
#11 D:\\Users\\Ahmed Abdulkadir\\Documents\\GitHub\\Gilded-Canvas-modified\\Gilded-Canvas\\TheGuildedCanvas\\vendor\\laravel\\framework\\src\\Illuminate\\View\\Middleware\\ShareErrorsFromSession.php(49): Illuminate\\Pipeline\\Pipeline->Illuminate\\Pipeline\\{closure}(Object(Illuminate\\Http\\Request))
#12 D:\\Users\\Ahmed Abdulkadir\\Documents\\GitHub\\Gilded-Canvas-modified\\Gilded-Canvas\\TheGuildedCanvas\\vendor\\laravel\\framework\\src\\Illuminate\\Pipeline\\Pipeline.php(209): Illuminate\\View\\Middleware\\ShareErrorsFromSession->handle(Object(Illuminate\\Http\\Request), Object(Closure))
#13 D:\\Users\\Ahmed Abdulkadir\\Documents\\GitHub\\Gilded-Canvas-modified\\Gilded-Canvas\\TheGuildedCanvas\\vendor\\laravel\\framework\\src\\Illuminate\\Session\\Middleware\\StartSession.php(121): Illuminate\\Pipeline\\Pipeline->Illuminate\\Pipeline\\{closure}(Object(Illuminate\\Http\\Request))
#14 D:\\Users\\Ahmed Abdulkadir\\Documents\\GitHub\\Gilded-Canvas-modified\\Gilded-Canvas\\TheGuildedCanvas\\vendor\\laravel\\framework\\src\\Illuminate\\Session\\Middleware\\StartSession.php(64): Illuminate\\Session\\Middleware\\StartSession->handleStatefulRequest(Object(Illuminate\\Http\\Request), Object(Illuminate\\Session\\Store), Object(Closure))
#15 D:\\Users\\Ahmed Abdulkadir\\Documents\\GitHub\\Gilded-Canvas-modified\\Gilded-Canvas\\TheGuildedCanvas\\vendor\\laravel\\framework\\src\\Illuminate\\Pipeline\\Pipeline.php(209): Illuminate\\Session\\Middleware\\StartSession->handle(Object(Illuminate\\Http\\Request), Object(Closure))
#16 D:\\Users\\Ahmed Abdulkadir\\Documents\\GitHub\\Gilded-Canvas-modified\\Gilded-Canvas\\TheGuildedCanvas\\vendor\\laravel\\framework\\src\\Illuminate\\Cookie\\Middleware\\AddQueuedCookiesToResponse.php(37): Illuminate\\Pipeline\\Pipeline->Illuminate\\Pipeline\\{closure}(Object(Illuminate\\Http\\Request))
#17 D:\\Users\\Ahmed Abdulkadir\\Documents\\GitHub\\Gilded-Canvas-modified\\Gilded-Canvas\\TheGuildedCanvas\\vendor\\laravel\\framework\\src\\Illuminate\\Pipeline\\Pipeline.php(209): Illuminate\\Cookie\\Middleware\\AddQueuedCookiesToResponse->handle(Object(Illuminate\\Http\\Request), Object(Closure))
#18 D:\\Users\\Ahmed Abdulkadir\\Documents\\GitHub\\Gilded-Canvas-modified\\Gilded-Canvas\\TheGuildedCanvas\\vendor\\laravel\\framework\\src\\Illuminate\\Cookie\\Middleware\\EncryptCookies.php(75): Illuminate\\Pipeline\\Pipeline->Illuminate\\Pipeline\\{closure}(Object(Illuminate\\Http\\Request))
#19 D:\\Users\\Ahmed Abdulkadir\\Documents\\GitHub\\Gilded-Canvas-modified\\Gilded-Canvas\\TheGuildedCanvas\\vendor\\laravel\\framework\\src\\Illuminate\\Pipeline\\Pipeline.php(209): Illuminate\\Cookie\\Middleware\\EncryptCookies->handle(Object(Illuminate\\Http\\Request), Object(Closure))
#20 D:\\Users\\Ahmed Abdulkadir\\Documents\\GitHub\\Gilded-Canvas-modified\\Gilded-Canvas\\TheGuildedCanvas\\vendor\\laravel\\framework\\src\\Illuminate\\Pipeline\\Pipeline.php(127): Illuminate\\Pipeline\\Pipeline->Illuminate\\Pipeline\\{closure}(Object(Illuminate\\Http\\Request))
#21 D:\\Users\\Ahmed Abdulkadir\\Documents\\GitHub\\Gilded-Canvas-modified\\Gilded-Canvas\\TheGuildedCanvas\\vendor\\laravel\\framework\\src\\Illuminate\\Routing\\Router.php(807): Illuminate\\Pipeline\\Pipeline->then(Object(Closure))
#22 D:\\Users\\Ahmed Abdulkadir\\Documents\\GitHub\\Gilded-Canvas-modified\\Gilded-Canvas\\TheGuildedCanvas\\vendor\\laravel\\framework\\src\\Illuminate\\Routing\\Router.php(786): Illuminate\\Routing\\Router->runRouteWithinStack(Object(Illuminate\\Routing\\Route), Object(Illuminate\\Http\\Request))
#23 D:\\Users\\Ahmed Abdulkadir\\Documents\\GitHub\\Gilded-Canvas-modified\\Gilded-Canvas\\TheGuildedCanvas\\vendor\\laravel\\framework\\src\\Illuminate\\Routing\\Router.php(750): Illuminate\\Routing\\Router->runRoute(Object(Illuminate\\Http\\Request), Object(Illuminate\\Routing\\Route))
#24 D:\\Users\\Ahmed Abdulkadir\\Documents\\GitHub\\Gilded-Canvas-modified\\Gilded-Canvas\\TheGuildedCanvas\\vendor\\laravel\\framework\\src\\Illuminate\\Routing\\Router.php(739): Illuminate\\Routing\\Router->dispatchToRoute(Object(Illuminate\\Http\\Request))
#25 D:\\Users\\Ahmed Abdulkadir\\Documents\\GitHub\\Gilded-Canvas-modified\\Gilded-Canvas\\TheGuildedCanvas\\vendor\\laravel\\framework\\src\\Illuminate\\Foundation\\Http\\Kernel.php(201): Illuminate\\Routing\\Router->dispatch(Object(Illuminate\\Http\\Request))
#26 D:\\Users\\Ahmed Abdulkadir\\Documents\\GitHub\\Gilded-Canvas-modified\\Gilded-Canvas\\TheGuildedCanvas\\vendor\\laravel\\framework\\src\\Illuminate\\Pipeline\\Pipeline.php(170): Illuminate\\Foundation\\Http\\Kernel->Illuminate\\Foundation\\Http\\{closure}(Object(Illuminate\\Http\\Request))
#27 D:\\Users\\Ahmed Abdulkadir\\Documents\\GitHub\\Gilded-Canvas-modified\\Gilded-Canvas\\TheGuildedCanvas\\vendor\\laravel\\framework\\src\\Illuminate\\Foundation\\Http\\Middleware\\TransformsRequest.php(21): Illuminate\\Pipeline\\Pipeline->Illuminate\\Pipeline\\{closure}(Object(Illuminate\\Http\\Request))
#28 D:\\Users\\Ahmed Abdulkadir\\Documents\\GitHub\\Gilded-Canvas-modified\\Gilded-Canvas\\TheGuildedCanvas\\vendor\\laravel\\framework\\src\\Illuminate\\Foundation\\Http\\Middleware\\ConvertEmptyStringsToNull.php(31): Illuminate\\Foundation\\Http\\Middleware\\TransformsRequest->handle(Object(Illuminate\\Http\\Request), Object(Closure))
#29 D:\\Users\\Ahmed Abdulkadir\\Documents\\GitHub\\Gilded-Canvas-modified\\Gilded-Canvas\\TheGuildedCanvas\\vendor\\laravel\\framework\\src\\Illuminate\\Pipeline\\Pipeline.php(209): Illuminate\\Foundation\\Http\\Middleware\\ConvertEmptyStringsToNull->handle(Object(Illuminate\\Http\\Request), Object(Closure))
#30 D:\\Users\\Ahmed Abdulkadir\\Documents\\GitHub\\Gilded-Canvas-modified\\Gilded-Canvas\\TheGuildedCanvas\\vendor\\laravel\\framework\\src\\Illuminate\\Foundation\\Http\\Middleware\\TransformsRequest.php(21): Illuminate\\Pipeline\\Pipeline->Illuminate\\Pipeline\\{closure}(Object(Illuminate\\Http\\Request))
#31 D:\\Users\\Ahmed Abdulkadir\\Documents\\GitHub\\Gilded-Canvas-modified\\Gilded-Canvas\\TheGuildedCanvas\\vendor\\laravel\\framework\\src\\Illuminate\\Foundation\\Http\\Middleware\\TrimStrings.php(51): Illuminate\\Foundation\\Http\\Middleware\\TransformsRequest->handle(Object(Illuminate\\Http\\Request), Object(Closure))
#32 D:\\Users\\Ahmed Abdulkadir\\Documents\\GitHub\\Gilded-Canvas-modified\\Gilded-Canvas\\TheGuildedCanvas\\vendor\\laravel\\framework\\src\\Illuminate\\Pipeline\\Pipeline.php(209): Illuminate\\Foundation\\Http\\Middleware\\TrimStrings->handle(Object(Illuminate\\Http\\Request), Object(Closure))
#33 D:\\Users\\Ahmed Abdulkadir\\Documents\\GitHub\\Gilded-Canvas-modified\\Gilded-Canvas\\TheGuildedCanvas\\vendor\\laravel\\framework\\src\\Illuminate\\Http\\Middleware\\ValidatePostSize.php(27): Illuminate\\Pipeline\\Pipeline->Illuminate\\Pipeline\\{closure}(Object(Illuminate\\Http\\Request))
#34 D:\\Users\\Ahmed Abdulkadir\\Documents\\GitHub\\Gilded-Canvas-modified\\Gilded-Canvas\\TheGuildedCanvas\\vendor\\laravel\\framework\\src\\Illuminate\\Pipeline\\Pipeline.php(209): Illuminate\\Http\\Middleware\\ValidatePostSize->handle(Object(Illuminate\\Http\\Request), Object(Closure))
#35 D:\\Users\\Ahmed Abdulkadir\\Documents\\GitHub\\Gilded-Canvas-modified\\Gilded-Canvas\\TheGuildedCanvas\\vendor\\laravel\\framework\\src\\Illuminate\\Foundation\\Http\\Middleware\\PreventRequestsDuringMaintenance.php(110): Illuminate\\Pipeline\\Pipeline->Illuminate\\Pipeline\\{closure}(Object(Illuminate\\Http\\Request))
#36 D:\\Users\\Ahmed Abdulkadir\\Documents\\GitHub\\Gilded-Canvas-modified\\Gilded-Canvas\\TheGuildedCanvas\\vendor\\laravel\\framework\\src\\Illuminate\\Pipeline\\Pipeline.php(209): Illuminate\\Foundation\\Http\\Middleware\\PreventRequestsDuringMaintenance->handle(Object(Illuminate\\Http\\Request), Object(Closure))
#37 D:\\Users\\Ahmed Abdulkadir\\Documents\\GitHub\\Gilded-Canvas-modified\\Gilded-Canvas\\TheGuildedCanvas\\vendor\\laravel\\framework\\src\\Illuminate\\Http\\Middleware\\HandleCors.php(49): Illuminate\\Pipeline\\Pipeline->Illuminate\\Pipeline\\{closure}(Object(Illuminate\\Http\\Request))
#38 D:\\Users\\Ahmed Abdulkadir\\Documents\\GitHub\\Gilded-Canvas-modified\\Gilded-Canvas\\TheGuildedCanvas\\vendor\\laravel\\framework\\src\\Illuminate\\Pipeline\\Pipeline.php(209): Illuminate\\Http\\Middleware\\HandleCors->handle(Object(Illuminate\\Http\\Request), Object(Closure))
#39 D:\\Users\\Ahmed Abdulkadir\\Documents\\GitHub\\Gilded-Canvas-modified\\Gilded-Canvas\\TheGuildedCanvas\\vendor\\laravel\\framework\\src\\Illuminate\\Http\\Middleware\\TrustProxies.php(58): Illuminate\\Pipeline\\Pipeline->Illuminate\\Pipeline\\{closure}(Object(Illuminate\\Http\\Request))
#40 D:\\Users\\Ahmed Abdulkadir\\Documents\\GitHub\\Gilded-Canvas-modified\\Gilded-Canvas\\TheGuildedCanvas\\vendor\\laravel\\framework\\src\\Illuminate\\Pipeline\\Pipeline.php(209): Illuminate\\Http\\Middleware\\TrustProxies->handle(Object(Illuminate\\Http\\Request), Object(Closure))
#41 D:\\Users\\Ahmed Abdulkadir\\Documents\\GitHub\\Gilded-Canvas-modified\\Gilded-Canvas\\TheGuildedCanvas\\vendor\\laravel\\framework\\src\\Illuminate\\Foundation\\Http\\Middleware\\InvokeDeferredCallbacks.php(22): Illuminate\\Pipeline\\Pipeline->Illuminate\\Pipeline\\{closure}(Object(Illuminate\\Http\\Request))
#42 D:\\Users\\Ahmed Abdulkadir\\Documents\\GitHub\\Gilded-Canvas-modified\\Gilded-Canvas\\TheGuildedCanvas\\vendor\\laravel\\framework\\src\\Illuminate\\Pipeline\\Pipeline.php(209): Illuminate\\Foundation\\Http\\Middleware\\InvokeDeferredCallbacks->handle(Object(Illuminate\\Http\\Request), Object(Closure))
#43 D:\\Users\\Ahmed Abdulkadir\\Documents\\GitHub\\Gilded-Canvas-modified\\Gilded-Canvas\\TheGuildedCanvas\\vendor\\laravel\\framework\\src\\Illuminate\\Pipeline\\Pipeline.php(127): Illuminate\\Pipeline\\Pipeline->Illuminate\\Pipeline\\{closure}(Object(Illuminate\\Http\\Request))
#44 D:\\Users\\Ahmed Abdulkadir\\Documents\\GitHub\\Gilded-Canvas-modified\\Gilded-Canvas\\TheGuildedCanvas\\vendor\\laravel\\framework\\src\\Illuminate\\Foundation\\Http\\Kernel.php(176): Illuminate\\Pipeline\\Pipeline->then(Object(Closure))
#45 D:\\Users\\Ahmed Abdulkadir\\Documents\\GitHub\\Gilded-Canvas-modified\\Gilded-Canvas\\TheGuildedCanvas\\vendor\\laravel\\framework\\src\\Illuminate\\Foundation\\Http\\Kernel.php(145): Illuminate\\Foundation\\Http\\Kernel->sendRequestThroughRouter(Object(Illuminate\\Http\\Request))
#46 D:\\Users\\Ahmed Abdulkadir\\Documents\\GitHub\\Gilded-Canvas-modified\\Gilded-Canvas\\TheGuildedCanvas\\vendor\\laravel\\framework\\src\\Illuminate\\Foundation\\Application.php(1220): Illuminate\\Foundation\\Http\\Kernel->handle(Object(Illuminate\\Http\\Request))
#47 D:\\Users\\Ahmed Abdulkadir\\Documents\\GitHub\\Gilded-Canvas-modified\\Gilded-Canvas\\TheGuildedCanvas\\public\\index.php(22): Illuminate\\Foundation\\Application->handleRequest(Object(Illuminate\\Http\\Request))
#48 D:\\Users\\Ahmed Abdulkadir\\Documents\\GitHub\\Gilded-Canvas-modified\\Gilded-Canvas\\TheGuildedCanvas\\vendor\\laravel\\framework\\src\\Illuminate\\Foundation\\resources\\server.php(23): require_once('D:\\\\Users\\\\Ahmed ...')
#49 {main}
"} 
